client/app/build/outputs/mapping/release/seeds.txt
in.co.rapidrecap.www.twa.DelegationService
in.co.rapidrecap.www.twa.RapidRecapLauncherActivity
in.co.rapidrecap.www.twa.Application
in.co.rapidrecap.www.twa.Application: Application()
in.co.rapidrecap.www.twa.DelegationService: DelegationService()
in.co.rapidrecap.www.twa.RapidRecapLauncherActivity: RapidRecapLauncherActivity()
...
android.support.v4.graphics.drawable.IconCompatParcelizer
androidx.lifecycle.SingleGeneratedAdapterObserver
androidx.lifecycle.CompositeGeneratedAdaptersObserver
androidx.core.graphics.drawable.IconCompat
com.google.androidbrowserhelper.trusted.ManageDataLauncherActivity
com.google.androidbrowserhelper.trusted.WebViewFallbackActivity
androidx.versionedparcelable.ParcelImpl
com.google.androidbrowserhelper.trusted.FocusActivity
androidx.core.graphics.drawable.IconCompatParcelizer
com.google.androidbrowserhelper.trusted.NotificationPermissionRequestActivity
androidx.lifecycle.FullLifecycleObserverAdapter
androidx.browser.browseractions.BrowserActionsFallbackMenuView
androidx.core.app.CoreComponentFactory
androidx.core.content.FileProvider
androidx.annotation.Keep
androidx.core.app.RemoteActionCompatParcelizer
androidx.core.app.RemoteActionCompat
androidx.lifecycle.ReflectiveGenericLifecycleObserver
androidx.versionedparcelable.CustomVersionedParcelable
android.support.v4.app.RemoteActionCompatParcelizer
androidx.versionedparcelable.ParcelImpl: android.os.Parcelable$Creator CREATOR
android.support.v4.graphics.drawable.IconCompatParcelizer: androidx.core.graphics.drawable.IconCompat read(androidx.versionedparcelable.VersionedParcel)
androidx.core.app.RemoteActionCompatParcelizer: RemoteActionCompatParcelizer()
android.support.v4.app.RemoteActionCompatParcelizer: androidx.core.app.RemoteActionCompat read(androidx.versionedparcelable.VersionedParcel)
android.support.v4.app.RemoteActionCompatParcelizer: RemoteActionCompatParcelizer()
androidx.core.graphics.drawable.IconCompatParcelizer: IconCompatParcelizer()
com.google.androidbrowserhelper.trusted.ManageDataLauncherActivity: ManageDataLauncherActivity()
androidx.core.app.RemoteActionCompatParcelizer: androidx.core.app.RemoteActionCompat read(androidx.versionedparcelable.VersionedParcel)
com.google.androidbrowserhelper.trusted.WebViewFallbackActivity: WebViewFallbackActivity()
android.support.v4.graphics.drawable.IconCompatParcelizer: IconCompatParcelizer()
androidx.core.app.RemoteActionCompatParcelizer: void write(androidx.core.app.RemoteActionCompat,androidx.versionedparcelable.VersionedParcel)
androidx.core.app.RemoteActionCompat: RemoteActionCompat()
androidx.core.graphics.drawable.IconCompat: IconCompat()
androidx.core.app.CoreComponentFactory: CoreComponentFactory()
android.support.v4.app.RemoteActionCompatParcelizer: void write(androidx.core.app.RemoteActionCompat,androidx.versionedparcelable.VersionedParcel)
androidx.core.graphics.drawable.IconCompatParcelizer: void write(androidx.core.graphics.drawable.IconCompat,androidx.versionedparcelable.VersionedParcel)
androidx.core.graphics.drawable.IconCompatParcelizer: androidx.core.graphics.drawable.IconCompat read(androidx.versionedparcelable.VersionedParcel)
androidx.browser.browseractions.BrowserActionsFallbackMenuView: BrowserActionsFallbackMenuView(android.content.Context,android.util.AttributeSet)
com.google.androidbrowserhelper.trusted.FocusActivity: FocusActivity()
com.google.androidbrowserhelper.trusted.NotificationPermissionRequestActivity: NotificationPermissionRequestActivity()
androidx.versionedparcelable.CustomVersionedParcelable: CustomVersionedParcelable()
android.support.v4.graphics.drawable.IconCompatParcelizer: void write(androidx.core.graphics.drawable.IconCompat,androidx.versionedparcelable.VersionedParcel)
androidx.core.content.FileProvider: FileProvider()