client/app/build/outputs/mapping/release/mapping.txt
# compiler: R8
# compiler_version: 8.7.14
# min_api: 19
# common_typos_disable
# {"id":"com.android.tools.r8.mapping","version":"2.2"}
# pg_map_id: 66395a9
# pg_map_hash: SHA-256 66395a97edb14653f78be7fd51c7048d61c0f023f1db5451456d52611240dbd8
in.co.rapidrecap.www.twa.Application -> in.co.rapidrecap.www.twa.Application:
# {"id":"sourceFile","fileName":"Application.java"}
    1:4:void <init>():20:20 -> <init>
    1:4:void onCreate():26:26 -> onCreate
in.co.rapidrecap.www.twa.DelegationService -> in.co.rapidrecap.www.twa.DelegationService:
# {"id":"sourceFile","fileName":"DelegationService.java"}
    1:4:void <init>():5:5 -> <init>
    1:4:void onCreate():9:9 -> onCreate
in.co.rapidrecap.www.twa.R$drawable -> p.a:
    int splash_screen -> a
in.co.rapidrecap.www.twa.RapidRecapLauncherActivity -> in.co.rapidrecap.www.twa.RapidRecapLauncherActivity:
# {"id":"sourceFile","fileName":"RapidRecapLauncherActivity.java"}
    android.view.View splashScreen -> g
    long splashStartTime -> h
    1:4:void <init>():14:14 -> <init>
    1:7:android.net.Uri getLaunchingUrl():55:55 -> h
    1:5:void onBackPressed():66:66 -> onBackPressed
    6:9:void onBackPressed():69:69 -> onBackPressed
    1:3:void onCreate(android.os.Bundle):22:22 -> onCreate
    4:9:void onCreate(android.os.Bundle):25:25 -> onCreate
    10:21:void onCreate(android.os.Bundle):26:26 -> onCreate
    22:35:void onCreate(android.os.Bundle):30:30 -> onCreate
    36:38:void onCreate(android.os.Bundle):38:38 -> onCreate
    39:45:void onCreate(android.os.Bundle):41:41 -> onCreate
    46:50:void onCreate(android.os.Bundle):42:42 -> onCreate
    51:60:void onCreate(android.os.Bundle):43:43 -> onCreate
    61:66:void onCreate(android.os.Bundle):47:47 -> onCreate
    67:82:void onCreate(android.os.Bundle):50:50 -> onCreate
    1:3:void onResume():60:60 -> onResume
    4:7:void onResume():61:61 -> onResume
    1:1:void $r8$lambda$AoZopUZp4YJvSJ1yimEkeiDBU8k(in.co.rapidrecap.www.twa.RapidRecapLauncherActivity):0:0 -> p
      # {"id":"com.android.tools.r8.synthesized"}
    1:1:void $r8$lambda$gQIgcMr2iAeJOKyunbg0FMDT7Ug(in.co.rapidrecap.www.twa.RapidRecapLauncherActivity):0:0 -> q
      # {"id":"com.android.tools.r8.synthesized"}
in.co.rapidrecap.www.twa.RapidRecapLauncherActivity$$ExternalSyntheticApiModelOutline0 -> p.b:
# {"id":"sourceFile","fileName":"R8$$SyntheticClass"}
# {"id":"com.android.tools.r8.synthesized"}
    1:1:void p.RapidRecapLauncherActivity$$ExternalSyntheticApiModelOutline0.m(android.view.WindowManager$LayoutParams,int):0:0 -> a
      # {"id":"com.android.tools.r8.synthesized"}
in.co.rapidrecap.www.twa.RapidRecapLauncherActivity$$ExternalSyntheticLambda1 -> p.c:
# {"id":"sourceFile","fileName":"R8$$SyntheticClass"}
# {"id":"com.android.tools.r8.synthesized"}
    in.co.rapidrecap.www.twa.RapidRecapLauncherActivity in.co.rapidrecap.www.twa.RapidRecapLauncherActivity$$InternalSyntheticLambda$1$4d7cb7f19c5f4c1c10e2f1f5d784b30313c6cc7f1361c2717881fb3b4d720c5c$0.f$0 -> a
      # {"id":"com.android.tools.r8.synthesized"}
    1:1:void p.RapidRecapLauncherActivity$$ExternalSyntheticLambda1.<init>(in.co.rapidrecap.www.twa.RapidRecapLauncherActivity):0:0 -> <init>
      # {"id":"com.android.tools.r8.synthesized"}
    1:1:void p.RapidRecapLauncherActivity$$ExternalSyntheticLambda1.run():0:0 -> run
      # {"id":"com.android.tools.r8.synthesized"}
in.co.rapidrecap.www.twa.RapidRecapLauncherActivity$$ExternalSyntheticLambda2 -> p.d:
# {"id":"sourceFile","fileName":"R8$$SyntheticClass"}
# {"id":"com.android.tools.r8.synthesized"}
    in.co.rapidrecap.www.twa.RapidRecapLauncherActivity in.co.rapidrecap.www.twa.RapidRecapLauncherActivity$$InternalSyntheticLambda$1$ef0bdf3441a14643c89f312067079260cac4321cc7fbfde0d03044da08d3240e$1.f$0 -> a
      # {"id":"com.android.tools.r8.synthesized"}
    1:1:void p.RapidRecapLauncherActivity$$ExternalSyntheticLambda2.<init>(in.co.rapidrecap.www.twa.RapidRecapLauncherActivity):0:0 -> <init>
      # {"id":"com.android.tools.r8.synthesized"}
    1:1:void p.RapidRecapLauncherActivity$$ExternalSyntheticLambda2.run():0:0 -> run
      # {"id":"com.android.tools.r8.synthesized"}
...
android.support.customtabs.ICustomTabsCallback -> a.a:
# {"id":"sourceFile","fileName":"ICustomTabsCallback.java"}
    void onPostMessage(java.lang.String,android.os.Bundle) -> c
    void extraCallback(java.lang.String,android.os.Bundle) -> f
    void onMessageChannelReady(android.os.Bundle) -> h
    android.os.Bundle extraCallbackWithResult(java.lang.String,android.os.Bundle) -> m
    void onNavigationEvent(int,android.os.Bundle) -> n
    void onRelationshipValidationResult(int,android.net.Uri,boolean,android.os.Bundle) -> q
android.support.customtabs.ICustomTabsCallback$Stub -> a.a$a:
# {"id":"sourceFile","fileName":"ICustomTabsCallback.java"}
    1:3:void <init>():44:44 -> <init>
    4:9:void <init>():45:45 -> <init>
    1:1:android.os.IBinder asBinder():64:64 -> asBinder
    5:13:boolean onTransact(int,android.os.Parcel,android.os.Parcel,int):69:69 -> onTransact
    14:18:boolean onTransact(int,android.os.Parcel,android.os.Parcel,int):188:188 -> onTransact
    19:21:boolean onTransact(int,android.os.Parcel,android.os.Parcel,int):165:165 -> onTransact
    22:25:boolean onTransact(int,android.os.Parcel,android.os.Parcel,int):167:167 -> onTransact
    26:31:boolean onTransact(int,android.os.Parcel,android.os.Parcel,int):169:169 -> onTransact
    32:40:boolean onTransact(int,android.os.Parcel,android.os.Parcel,int):170:170 -> onTransact
    41:44:boolean onTransact(int,android.os.Parcel,android.os.Parcel,int):175:175 -> onTransact
    45:49:boolean onTransact(int,android.os.Parcel,android.os.Parcel,int):176:176 -> onTransact
    50:52:boolean onTransact(int,android.os.Parcel,android.os.Parcel,int):178:178 -> onTransact
    53:56:boolean onTransact(int,android.os.Parcel,android.os.Parcel,int):179:179 -> onTransact
    57:60:boolean onTransact(int,android.os.Parcel,android.os.Parcel,int):182:182 -> onTransact
    61:63:boolean onTransact(int,android.os.Parcel,android.os.Parcel,int):140:140 -> onTransact
    64:67:boolean onTransact(int,android.os.Parcel,android.os.Parcel,int):142:142 -> onTransact
android.support.customtabs.ICustomTabsService -> a.b:
# {"id":"sourceFile","fileName":"ICustomTabsService.java"}
    boolean newSession(android.support.customtabs.ICustomTabsCallback) -> b
      # {"id":"com.android.tools.r8.residualsignature","signature":"(La/a;)Z"}
    boolean receiveFile(android.support.customtabs.ICustomTabsCallback,android.net.Uri,int,android.os.Bundle) -> d
      # {"id":"com.android.tools.r8.residualsignature","signature":"(La/a;Landroid/net/Uri;ILandroid/os/Bundle;)Z"}
    boolean newSessionWithExtras(android.support.customtabs.ICustomTabsCallback,android.os.Bundle) -> g
      # {"id":"com.android.tools.r8.residualsignature","signature":"(La/a;Landroid/os/Bundle;)Z"}
    boolean warmup(long) -> l
    boolean validateRelationship(android.support.customtabs.ICustomTabsCallback,int,android.net.Uri,android.os.Bundle) -> r
      # {"id":"com.android.tools.r8.residualsignature","signature":"(La/a;ILandroid/net/Uri;Landroid/os/Bundle;)Z"}
android.support.customtabs.ICustomTabsService$Stub -> a.b$a:
# {"id":"sourceFile","fileName":"ICustomTabsService.java"}
    5:12:android.support.customtabs.ICustomTabsService asInterface(android.os.IBinder):81:81 -> s
      # {"id":"com.android.tools.r8.residualsignature","signature":"(Landroid/os/IBinder;)La/b;"}
    13:16:android.support.customtabs.ICustomTabsService asInterface(android.os.IBinder):82:82 -> s
    17:19:android.support.customtabs.ICustomTabsService asInterface(android.os.IBinder):83:83 -> s
    20:25:android.support.customtabs.ICustomTabsService asInterface(android.os.IBinder):85:85 -> s
    1:3:android.support.customtabs.ICustomTabsService getDefaultImpl():695:695 -> t
      # {"id":"com.android.tools.r8.residualsignature","signature":"()La/b;"}