client/app/build/outputs/mapping/release/usage.txt
in.co.rapidrecap.www.twa.R$bool
in.co.rapidrecap.www.twa.R$color
in.co.rapidrecap.www.twa.R$drawable:
    public static int ic_notification_icon
    public static int rapid_recap_text
    public static int shortcut_legacy_background
    public static int splash
    public static int splash_background
    private void <init>()
in.co.rapidrecap.www.twa.R$integer
in.co.rapidrecap.www.twa.R$mipmap
in.co.rapidrecap.www.twa.R$raw
in.co.rapidrecap.www.twa.R$string
in.co.rapidrecap.www.twa.R$style
in.co.rapidrecap.www.twa.R$xml
in.co.rapidrecap.www.twa.R
in.co.rapidrecap.www.twa.RapidRecapLauncherActivity:
    private static final long MIN_SPLASH_DURATION
...
androidx.core.app.NotificationCompat$Action$Builder
androidx.core.app.NotificationCompat$Action$Extender
androidx.core.app.NotificationCompat$Action$SemanticAction
androidx.core.app.NotificationCompat$Action$WearableExtender
androidx.core.app.NotificationCompat$Action
androidx.core.app.NotificationCompat$BadgeIconType
androidx.core.app.NotificationCompat$BigPictureStyle
androidx.core.app.NotificationCompat$BigTextStyle
androidx.core.app.NotificationCompat$Builder
androidx.core.app.NotificationCompat$CarExtender$UnreadConversation$Builder
androidx.core.app.NotificationCompat$CarExtender$UnreadConversation
androidx.core.app.NotificationCompat$CarExtender
androidx.core.app.NotificationCompat$DecoratedCustomViewStyle
androidx.core.app.NotificationCompat$Extender
androidx.core.app.NotificationCompat$GroupAlertBehavior
androidx.core.app.NotificationCompat$InboxStyle
androidx.core.app.NotificationCompat$MessagingStyle$Message
androidx.core.app.NotificationCompat$MessagingStyle
androidx.core.app.NotificationCompat$NotificationVisibility
androidx.core.app.NotificationCompat$StreamType
androidx.core.app.NotificationCompat$Style
androidx.core.app.NotificationCompat$WearableExtender
androidx.core.app.NotificationCompat
androidx.core.app.NotificationCompatBuilder
androidx.core.app.NotificationCompatExtras
androidx.core.app.NotificationCompatJellybean
androidx.core.app.NotificationCompatSideChannelService$NotificationSideChannelStub
androidx.core.app.NotificationCompatSideChannelService
androidx.core.app.NotificationManagerCompat$CancelTask
androidx.core.app.NotificationManagerCompat$NotifyTask
androidx.core.app.NotificationManagerCompat$ServiceConnectedEvent
androidx.core.app.NotificationManagerCompat$SideChannelManager$ListenerRecord
androidx.core.app.NotificationManagerCompat$SideChannelManager
androidx.core.app.NotificationManagerCompat$Task
androidx.core.app.NotificationManagerCompat:
    public static final java.lang.String ACTION_BIND_SIDE_CHANNEL
    private static final java.lang.String CHECK_OP_NO_THROW
    public static final java.lang.String EXTRA_USE_SIDE_CHANNEL
    public static final int IMPORTANCE_DEFAULT
    public static final int IMPORTANCE_HIGH
    public static final int IMPORTANCE_LOW
    public static final int IMPORTANCE_MAX
    public static final int IMPORTANCE_MIN
    public static final int IMPORTANCE_NONE
    public static final int IMPORTANCE_UNSPECIFIED
    static final int MAX_SIDE_CHANNEL_SDK_VERSION
    private static final java.lang.String OP_POST_NOTIFICATION
    private static final java.lang.String SETTING_ENABLED_NOTIFICATION_LISTENERS
    private static final int SIDE_CHANNEL_RETRY_BASE_INTERVAL_MS
    private static final int SIDE_CHANNEL_RETRY_MAX_COUNT
    private static final java.lang.String TAG
    private static java.lang.String sEnabledNotificationListeners
    private static androidx.core.app.NotificationManagerCompat$SideChannelManager sSideChannelManager
    public void cancel(int)
    public void cancel(java.lang.String,int)
    public void cancelAll()
    public void createNotificationChannelGroup(android.app.NotificationChannelGroup)
    public void createNotificationChannelGroups(java.util.List)
    public void createNotificationChannels(java.util.List)
    public void deleteNotificationChannel(java.lang.String)
androidx.core.app.Person$Builder
androidx.core.app.Person